<?xml version="1.0" encoding="UTF-8"?>
<robot generator="Robot 3.2.1 (Python 3.8.5 on darwin)" generated="20200819 22:55:43.261" rpa="false">
<suite id="s1" name="Tables" source="/Users/Infobase/Documents/Estudos/QANinja/ROBOT/web/tests/tables.robot">
<test id="s1-t1" name="Verifica o valor ao informar o numero da linha">
<kw name="Nova sessão" library="base" type="setup">
<kw name="Open Browser" library="SeleniumLibrary">
<doc>Opens a new browser instance to the optional ``url``.</doc>
<arguments>
<arg>${url}</arg>
<arg>chrome</arg>
</arguments>
<msg timestamp="20200819 22:55:43.640" level="INFO">Opening browser 'chrome' to base url 'https://training-wheels-protocol.herokuapp.com'.</msg>
<status status="PASS" starttime="20200819 22:55:43.640" endtime="20200819 22:55:53.535"></status>
</kw>
<status status="PASS" starttime="20200819 22:55:43.639" endtime="20200819 22:55:53.535"></status>
</kw>
<kw name="Go To" library="SeleniumLibrary">
<doc>Navigates the current browser window to the provided ``url``.</doc>
<arguments>
<arg>${url}/tables</arg>
</arguments>
<msg timestamp="20200819 22:55:53.536" level="INFO">Opening url 'https://training-wheels-protocol.herokuapp.com/tables'</msg>
<status status="PASS" starttime="20200819 22:55:53.536" endtime="20200819 22:55:54.369"></status>
</kw>
<kw name="Verificando o valor informando a linha" library="tables_kws">
<arguments>
<arg>1</arg>
<arg>$ 10.000.000</arg>
</arguments>
<kw name="Table Row Should Contain" library="SeleniumLibrary">
<doc>Verifies that table row contains text ``expected``.</doc>
<arguments>
<arg>${row_id}</arg>
<arg>${linha}</arg>
<arg>${dado}</arg>
</arguments>
<status status="PASS" starttime="20200819 22:55:54.370" endtime="20200819 22:55:54.453"></status>
</kw>
<status status="PASS" starttime="20200819 22:55:54.370" endtime="20200819 22:55:54.453"></status>
</kw>
<kw name="Encerra sessão" library="base" type="teardown">
<kw name="Capture Page Screenshot" library="SeleniumLibrary">
<doc>Takes a screenshot of the current page and embeds it into a log file.</doc>
<msg timestamp="20200819 22:55:54.777" level="INFO" html="yes">&lt;/td&gt;&lt;/tr&gt;&lt;tr&gt;&lt;td colspan="3"&gt;&lt;a href="selenium-screenshot-1.png"&gt;&lt;img src="selenium-screenshot-1.png" width="800px"&gt;&lt;/a&gt;</msg>
<status status="PASS" starttime="20200819 22:55:54.454" endtime="20200819 22:55:54.778"></status>
</kw>
<kw name="Close Browser" library="SeleniumLibrary">
<doc>Closes the current browser.</doc>
<status status="PASS" starttime="20200819 22:55:54.778" endtime="20200819 22:55:54.868"></status>
</kw>
<status status="PASS" starttime="20200819 22:55:54.453" endtime="20200819 22:55:54.868"></status>
</kw>
<tags>
<tag>numero_linha</tag>
</tags>
<status status="PASS" starttime="20200819 22:55:43.638" endtime="20200819 22:55:54.868" critical="yes"></status>
</test>
<test id="s1-t2" name="Descobre a linha pelo texto chave e valida os demais valores">
<kw name="Nova sessão" library="base" type="setup">
<kw name="Open Browser" library="SeleniumLibrary">
<doc>Opens a new browser instance to the optional ``url``.</doc>
<arguments>
<arg>${url}</arg>
<arg>chrome</arg>
</arguments>
<msg timestamp="20200819 22:55:54.871" level="INFO">Opening browser 'chrome' to base url 'https://training-wheels-protocol.herokuapp.com'.</msg>
<status status="PASS" starttime="20200819 22:55:54.871" endtime="20200819 22:56:00.894"></status>
</kw>
<status status="PASS" starttime="20200819 22:55:54.871" endtime="20200819 22:56:00.895"></status>
</kw>
<kw name="Go To" library="SeleniumLibrary">
<doc>Navigates the current browser window to the provided ``url``.</doc>
<arguments>
<arg>${url}/tables</arg>
</arguments>
<msg timestamp="20200819 22:56:00.896" level="INFO">Opening url 'https://training-wheels-protocol.herokuapp.com/tables'</msg>
<status status="PASS" starttime="20200819 22:56:00.896" endtime="20200819 22:56:01.334"></status>
</kw>
<kw name="Verificando a linha pelo texto e valida os valores" library="tables_kws">
<arguments>
<arg>$ 10.000.000</arg>
<arg>Homem de Ferro</arg>
</arguments>
<kw name="Get WebElement" library="SeleniumLibrary">
<doc>Returns the first WebElement matching the given ``locator``.</doc>
<arguments>
<arg>${row_xpath}</arg>
</arguments>
<assign>
<var>${target}</var>
</assign>
<msg timestamp="20200819 22:56:01.356" level="INFO">${target} = &lt;selenium.webdriver.remote.webelement.WebElement (session="3d3f646ca0a082b1cb7ad5bf77c4aaa3", element="217b9372-f51f-4b76-8e08-9b4d99edfcf1")&gt;</msg>
<status status="PASS" starttime="20200819 22:56:01.339" endtime="20200819 22:56:01.356"></status>
</kw>
<kw name="Log" library="BuiltIn">
<doc>Logs the given message with the given level.</doc>
<arguments>
<arg>${target.text}</arg>
</arguments>
<msg timestamp="20200819 22:56:01.378" level="INFO">Robert Downey Jr Homem de Ferro Vingadores $ 10.000.000 @robertdowneyjr edit delete</msg>
<status status="PASS" starttime="20200819 22:56:01.357" endtime="20200819 22:56:01.378"></status>
</kw>
<kw name="Should Contain" library="BuiltIn">
<doc>Fails if ``container`` does not contain ``item`` one or more times.</doc>
<arguments>
<arg>${target.text}</arg>
<arg>${salario}</arg>
</arguments>
<status status="PASS" starttime="20200819 22:56:01.379" endtime="20200819 22:56:01.392"></status>
</kw>
<kw name="Should Contain" library="BuiltIn">
<doc>Fails if ``container`` does not contain ``item`` one or more times.</doc>
<arguments>
<arg>${target.text}</arg>
<arg>${personagem}</arg>
</arguments>
<status status="PASS" starttime="20200819 22:56:01.393" endtime="20200819 22:56:01.406"></status>
</kw>
<status status="PASS" starttime="20200819 22:56:01.335" endtime="20200819 22:56:01.406"></status>
</kw>
<kw name="Encerra sessão" library="base" type="teardown">
<kw name="Capture Page Screenshot" library="SeleniumLibrary">
<doc>Takes a screenshot of the current page and embeds it into a log file.</doc>
<msg timestamp="20200819 22:56:01.690" level="INFO" html="yes">&lt;/td&gt;&lt;/tr&gt;&lt;tr&gt;&lt;td colspan="3"&gt;&lt;a href="selenium-screenshot-2.png"&gt;&lt;img src="selenium-screenshot-2.png" width="800px"&gt;&lt;/a&gt;</msg>
<status status="PASS" starttime="20200819 22:56:01.407" endtime="20200819 22:56:01.690"></status>
</kw>
<kw name="Close Browser" library="SeleniumLibrary">
<doc>Closes the current browser.</doc>
<status status="PASS" starttime="20200819 22:56:01.691" endtime="20200819 22:56:01.777"></status>
</kw>
<status status="PASS" starttime="20200819 22:56:01.407" endtime="20200819 22:56:01.777"></status>
</kw>
<status status="PASS" starttime="20200819 22:55:54.870" endtime="20200819 22:56:01.778" critical="yes"></status>
</test>
<status status="PASS" starttime="20200819 22:55:43.263" endtime="20200819 22:56:01.780"></status>
</suite>
<statistics>
<total>
<stat pass="2" fail="0">Critical Tests</stat>
<stat pass="2" fail="0">All Tests</stat>
</total>
<tag>
<stat pass="1" fail="0">numero_linha</stat>
</tag>
<suite>
<stat pass="2" fail="0" id="s1" name="Tables">Tables</stat>
</suite>
</statistics>
<errors>
<msg timestamp="20200819 22:55:43.610" level="WARN">Imported resource file '/Users/Infobase/Documents/Estudos/QANinja/ROBOT/web/resources/helpers.robot' is empty.</msg>
</errors>
</robot>
